<?xml version="1.0" encoding="UTF-8"?>
<!-- Generated by org.testng.reporters.JUnitReportReporter -->
<testsuite skipped="0" hostname="KhushRang-PC" name="typroject.TC_01" tests="1" failures="0" timestamp="28 Feb 2020 12:12:19 GMT" time="33.659" errors="0">
  <testcase name="testone" time="33.659" classname="typroject.TC_01"/>
</testsuite> <!-- typroject.TC_01 -->
